The system is: Windows - 10.0.19043 - AMD64
Compiling the C compiler identification source file "CMakeCCompilerId.c" succeeded.
Compiler:  
Build flags: 
Id flags:  

The output was:
0
Microsoft (R) Build Engine version 16.11.0+0538acc04 for .NET Framework
Copyright (C) Microsoft Corporation. All rights reserved.

Build started 12/3/2021 10:40:45 AM.
Project "D:\RoglianoElouan\RayTracing\build\CMakeFiles\3.21.0\CompilerIdC\CompilerIdC.vcxproj" on node 1 (default targets).
PrepareForBuild:
  Creating directory "Debug\".
  Creating directory "Debug\CompilerIdC.tlog\".
InitializeBuildStatus:
  Creating "Debug\CompilerIdC.tlog\unsuccessfulbuild" because "AlwaysCreate" was specified.
ClCompile:
  C:\VisualStudio\VC\Tools\MSVC\14.29.30133\bin\HostX64\x86\CL.exe /c /nologo /W0 /WX- /diagnostics:column /Od /Oy- /D _MBCS /Gm- /EHsc /RTC1 /MDd /GS /fp:precise /Zc:wchar_t /Zc:forScope /Zc:inline /Fo"Debug\\" /Fd"Debug\vc142.pdb" /external:W0 /Gd /TC /analyze- /FC /errorReport:queue CMakeCCompilerId.c
  CMakeCCompilerId.c
Link:
  C:\VisualStudio\VC\Tools\MSVC\14.29.30133\bin\HostX64\x86\link.exe /ERRORREPORT:QUEUE /OUT:".\CompilerIdC.exe" /INCREMENTAL:NO /NOLOGO kernel32.lib user32.lib gdi32.lib winspool.lib comdlg32.lib advapi32.lib shell32.lib ole32.lib oleaut32.lib uuid.lib odbc32.lib odbccp32.lib /MANIFEST /MANIFESTUAC:"level='asInvoker' uiAccess='false'" /manifest:embed /PDB:".\CompilerIdC.pdb" /SUBSYSTEM:CONSOLE /TLBID:1 /DYNAMICBASE /NXCOMPAT /IMPLIB:".\CompilerIdC.lib" /MACHINE:X86 /SAFESEH Debug\CMakeCCompilerId.obj
  CompilerIdC.vcxproj -> D:\RoglianoElouan\RayTracing\build\CMakeFiles\3.21.0\CompilerIdC\CompilerIdC.exe
PostBuildEvent:
  for %%i in (cl.exe) do @echo CMAKE_C_COMPILER=%%~$PATH:i
  :VCEnd
  CMAKE_C_COMPILER=C:\VisualStudio\VC\Tools\MSVC\14.29.30133\bin\Hostx64\x86\cl.exe
FinalizeBuildStatus:
  Deleting file "Debug\CompilerIdC.tlog\unsuccessfulbuild".
  Touching "Debug\CompilerIdC.tlog\CompilerIdC.lastbuildstate".
Done Building Project "D:\RoglianoElouan\RayTracing\build\CMakeFiles\3.21.0\CompilerIdC\CompilerIdC.vcxproj" (default targets).

Build succeeded.
    0 Warning(s)
    0 Error(s)

Time Elapsed 00:00:01.56


Compilation of the C compiler identification source "CMakeCCompilerId.c" produced "CompilerIdC.exe"

Compilation of the C compiler identification source "CMakeCCompilerId.c" produced "CompilerIdC.vcxproj"

The C compiler identification is MSVC, found in "D:/RoglianoElouan/RayTracing/build/CMakeFiles/3.21.0/CompilerIdC/CompilerIdC.exe"

Compiling the CXX compiler identification source file "CMakeCXXCompilerId.cpp" succeeded.
Compiler:  
Build flags: 
Id flags:  

The output was:
0
Microsoft (R) Build Engine version 16.11.0+0538acc04 for .NET Framework
Copyright (C) Microsoft Corporation. All rights reserved.

Build started 12/3/2021 10:40:47 AM.
Project "D:\RoglianoElouan\RayTracing\build\CMakeFiles\3.21.0\CompilerIdCXX\CompilerIdCXX.vcxproj" on node 1 (default targets).
PrepareForBuild:
  Creating directory "Debug\".
  Creating directory "Debug\CompilerIdCXX.tlog\".
InitializeBuildStatus:
  Creating "Debug\CompilerIdCXX.tlog\unsuccessfulbuild" because "AlwaysCreate" was specified.
ClCompile:
  C:\VisualStudio\VC\Tools\MSVC\14.29.30133\bin\HostX64\x86\CL.exe /c /nologo /W0 /WX- /diagnostics:column /Od /Oy- /D _MBCS /Gm- /EHsc /RTC1 /MDd /GS /fp:precise /Zc:wchar_t /Zc:forScope /Zc:inline /Fo"Debug\\" /Fd"Debug\vc142.pdb" /external:W0 /Gd /TP /analyze- /FC /errorReport:queue CMakeCXXCompilerId.cpp
  CMakeCXXCompilerId.cpp
Link:
  C:\VisualStudio\VC\Tools\MSVC\14.29.30133\bin\HostX64\x86\link.exe /ERRORREPORT:QUEUE /OUT:".\CompilerIdCXX.exe" /INCREMENTAL:NO /NOLOGO kernel32.lib user32.lib gdi32.lib winspool.lib comdlg32.lib advapi32.lib shell32.lib ole32.lib oleaut32.lib uuid.lib odbc32.lib odbccp32.lib /MANIFEST /MANIFESTUAC:"level='asInvoker' uiAccess='false'" /manifest:embed /PDB:".\CompilerIdCXX.pdb" /SUBSYSTEM:CONSOLE /TLBID:1 /DYNAMICBASE /NXCOMPAT /IMPLIB:".\CompilerIdCXX.lib" /MACHINE:X86 /SAFESEH Debug\CMakeCXXCompilerId.obj
  CompilerIdCXX.vcxproj -> D:\RoglianoElouan\RayTracing\build\CMakeFiles\3.21.0\CompilerIdCXX\CompilerIdCXX.exe
PostBuildEvent:
  for %%i in (cl.exe) do @echo CMAKE_CXX_COMPILER=%%~$PATH:i
  :VCEnd
  CMAKE_CXX_COMPILER=C:\VisualStudio\VC\Tools\MSVC\14.29.30133\bin\Hostx64\x86\cl.exe
FinalizeBuildStatus:
  Deleting file "Debug\CompilerIdCXX.tlog\unsuccessfulbuild".
  Touching "Debug\CompilerIdCXX.tlog\CompilerIdCXX.lastbuildstate".
Done Building Project "D:\RoglianoElouan\RayTracing\build\CMakeFiles\3.21.0\CompilerIdCXX\CompilerIdCXX.vcxproj" (default targets).

Build succeeded.
    0 Warning(s)
    0 Error(s)

Time Elapsed 00:00:01.18


Compilation of the CXX compiler identification source "CMakeCXXCompilerId.cpp" produced "CompilerIdCXX.exe"

Compilation of the CXX compiler identification source "CMakeCXXCompilerId.cpp" produced "CompilerIdCXX.vcxproj"

The CXX compiler identification is MSVC, found in "D:/RoglianoElouan/RayTracing/build/CMakeFiles/3.21.0/CompilerIdCXX/CompilerIdCXX.exe"

Detecting C compiler ABI info compiled with the following output:
Change Dir: D:/RoglianoElouan/RayTracing/build/CMakeFiles/CMakeTmp

Run Build Command(s):C:/VisualStudio/MSBuild/Current/Bin/MSBuild.exe cmTC_9f467.vcxproj /p:Configuration=Debug /p:Platform=win32 /p:VisualStudioVersion=16.0 /v:m && Microsoft (R) Build Engine version 16.11.0+0538acc04 for .NET Framework
Copyright (C) Microsoft Corporation. All rights reserved.

  Compilateur d'optimisation Microsoft (R) C/C++ version 19.29.30133 pour x86
  Copyright (C) Microsoft Corporation. Tous droits réservés.
  CMakeCCompilerABI.c
  cl /c /Zi /W1 /WX- /diagnostics:column /Od /Ob0 /Oy- /D _MBCS /D WIN32 /D _WINDOWS /D "CMAKE_INTDIR=\"Debug\"" /Gm- /RTC1 /MDd /GS /fp:precise /Zc:wchar_t /Zc:forScope /Zc:inline /Fo"cmTC_9f467.dir\Debug\\" /Fd"cmTC_9f467.dir\Debug\vc142.pdb" /external:W1 /Gd /TC /analyze- /errorReport:queue "C:\Program Files\CMake\share\cmake-3.21\Modules\CMakeCCompilerABI.c"
  cmTC_9f467.vcxproj -> D:\RoglianoElouan\RayTracing\build\CMakeFiles\CMakeTmp\Debug\cmTC_9f467.exe



Detecting CXX compiler ABI info compiled with the following output:
Change Dir: D:/RoglianoElouan/RayTracing/build/CMakeFiles/CMakeTmp

Run Build Command(s):C:/VisualStudio/MSBuild/Current/Bin/MSBuild.exe cmTC_2d2fd.vcxproj /p:Configuration=Debug /p:Platform=win32 /p:VisualStudioVersion=16.0 /v:m && Microsoft (R) Build Engine version 16.11.0+0538acc04 for .NET Framework
Copyright (C) Microsoft Corporation. All rights reserved.

  Compilateur d'optimisation Microsoft (R) C/C++ version 19.29.30133 pour x86
  Copyright (C) Microsoft Corporation. Tous droits réservés.
  CMakeCXXCompilerABI.cpp
  cl /c /Zi /W1 /WX- /diagnostics:column /Od /Ob0 /Oy- /D _MBCS /D WIN32 /D _WINDOWS /D "CMAKE_INTDIR=\"Debug\"" /Gm- /EHsc /RTC1 /MDd /GS /fp:precise /Zc:wchar_t /Zc:forScope /Zc:inline /GR /Fo"cmTC_2d2fd.dir\Debug\\" /Fd"cmTC_2d2fd.dir\Debug\vc142.pdb" /external:W1 /Gd /TP /analyze- /errorReport:queue "C:\Program Files\CMake\share\cmake-3.21\Modules\CMakeCXXCompilerABI.cpp"
  cmTC_2d2fd.vcxproj -> D:\RoglianoElouan\RayTracing\build\CMakeFiles\CMakeTmp\Debug\cmTC_2d2fd.exe



